<?xml version="1.0" encoding="UTF-8"?>
<!-- Generated by org.testng.reporters.JUnitReportReporter -->
<testsuite skipped="0" hostname="YP1009478LT" name="com.orange.testcases.HomePageTest" tests="3" failures="0" timestamp="2020-01-25T18:47:42 IST" time="79.760" errors="0">
  <testcase name="testDashboardLabelPresence" time="24.828" classname="com.orange.testcases.HomePageTest"/>
  <testcase name="testWelcomeLabelPresence" time="26.769" classname="com.orange.testcases.HomePageTest"/>
  <testcase name="testLogoutFunctionaliy" time="28.163" classname="com.orange.testcases.HomePageTest"/>
</testsuite> <!-- com.orange.testcases.HomePageTest -->
