<?xml version="1.0" encoding="UTF-8"?>
<!-- Generated by org.testng.reporters.JUnitReportReporter -->
<testsuite hostname="DESKTOP-CS3KINK" name="com.annotations.page.TestAnnotations$test" tests="2" failures="0" timestamp="11 Jan 2020 13:35:10 GMT" time="0.015" errors="0">
  <testcase name="testCase2" time="0.004" classname="com.annotations.page.TestAnnotations$test"/>
  <testcase name="testCase1" time="0.011" classname="com.annotations.page.TestAnnotations$test"/>
</testsuite> <!-- com.annotations.page.TestAnnotations$test -->
