<?xml version="1.0" encoding="UTF-8"?>
<!-- Generated by org.testng.reporters.JUnitReportReporter -->
<testsuite hostname="DESKTOP-CS3KINK" name="com.annotations.page.TestAnnotations" tests="2" failures="0" timestamp="14 Jan 2020 17:04:04 GMT" time="0.047" errors="0">
  <testcase name="testCase1" time="0.044" classname="com.annotations.page.TestAnnotations"/>
  <testcase name="testCase2" time="0.003" classname="com.annotations.page.TestAnnotations"/>
</testsuite> <!-- com.annotations.page.TestAnnotations -->
