<?xml version="1.0" encoding="UTF-8"?>
<!-- Generated by org.testng.reporters.JUnitReportReporter -->
<testsuite hostname="DESKTOP-CS3KINK" name="com.groupings.GroupingInTestNG" tests="2" failures="0" timestamp="15 Jan 2020 01:47:33 GMT" time="0.019" errors="0">
  <testcase name="testcase1" time="0.017" classname="com.groupings.GroupingInTestNG"/>
  <testcase name="testcase8" time="0.002" classname="com.groupings.GroupingInTestNG"/>
</testsuite> <!-- com.groupings.GroupingInTestNG -->
